<?xml version="1.0" encoding="UTF-8"?>
<!-- Generated by org.testng.reporters.JUnitXMLReporter -->
<testsuite ignored="0" hostname="Shailesh" failures="0" tests="4" name="Default test" time="0.167" errors="0" timestamp="2024-12-13T17:43:58 IST">
  <testcase classname="testngTutorial.testngTutorial.Day1" name="sumsung" time="0.021"/>
  <testcase classname="testngTutorial.testngTutorial.Day1" name="splender" time="0.007"/>
  <testcase classname="testngTutorial.testngTutorial.Day1" name="splender" time="0.002"/>
  <testcase classname="testngTutorial.testngTutorial.Day1" name="iphone" time="0.013"/>
</testsuite> <!-- Default test -->
