<?xml version="1.0" encoding="UTF-8"?>
<testng-results ignored="0" total="18" passed="16" failed="2" skipped="0">
  <reporter-output>
  </reporter-output>
  <suite started-at="2024-12-14T16:01:15 IST" name="Suite" finished-at="2024-12-14T16:01:24 IST" duration-ms="8685">
    <groups>
      <group name="smoke">
        <method signature="Day1.iphone()[pri:3, instance:testngTutorial.testngTutorial.Day1@6e521c1e]" name="iphone" class="testngTutorial.testngTutorial.Day1"/>
        <method signature="Day2.Demo3()[pri:3, instance:testngTutorial.testngTutorial.Day2@48c40605]" name="Demo3" class="testngTutorial.testngTutorial.Day2"/>
        <method signature="Day1.iphone()[pri:3, instance:testngTutorial.testngTutorial.Day1@5cc5b667]" name="iphone" class="testngTutorial.testngTutorial.Day1"/>
        <method signature="Day2.Demo3()[pri:3, instance:testngTutorial.testngTutorial.Day2@5707c1cb]" name="Demo3" class="testngTutorial.testngTutorial.Day2"/>
      </group> <!-- smoke -->
    </groups>
    <test started-at="2024-12-14T16:01:15 IST" name="Test1" finished-at="2024-12-14T16:01:22 IST" duration-ms="7114">
      <class name="demo.Day3">
        <test-method is-config="true" signature="beforetest()[pri:0, instance:demo.Day3@2b5cb9b2]" started-at="2024-12-14T16:01:15 IST" name="beforetest" finished-at="2024-12-14T16:01:15 IST" duration-ms="0" status="PASS">
          <reporter-output>
          </reporter-output>
        </test-method> <!-- beforetest -->
        <test-method signature="demo3()[pri:1, instance:demo.Day3@2b5cb9b2]" started-at="2024-12-14T16:01:18 IST" name="demo3" finished-at="2024-12-14T16:01:18 IST" duration-ms="4" status="PASS">
          <reporter-output>
          </reporter-output>
        </test-method> <!-- demo3 -->
        <test-method signature="demo4()[pri:2, instance:demo.Day3@2b5cb9b2]" started-at="2024-12-14T16:01:18 IST" name="demo4" finished-at="2024-12-14T16:01:18 IST" duration-ms="1" status="PASS">
          <reporter-output>
          </reporter-output>
        </test-method> <!-- demo4 -->
        <test-method is-config="true" signature="aftertest()[pri:0, instance:demo.Day3@2b5cb9b2]" started-at="2024-12-14T16:01:22 IST" name="aftertest" finished-at="2024-12-14T16:01:22 IST" duration-ms="1" status="PASS">
          <reporter-output>
          </reporter-output>
        </test-method> <!-- aftertest -->
      </class> <!-- demo.Day3 -->
      <class name="testngTutorial.testngTutorial.Day2">
        <test-method is-config="true" signature="beforemethod()[pri:0, instance:testngTutorial.testngTutorial.Day2@5707c1cb]" started-at="2024-12-14T16:01:15 IST" name="beforemethod" finished-at="2024-12-14T16:01:15 IST" duration-ms="3" status="PASS">
          <reporter-output>
          </reporter-output>
        </test-method> <!-- beforemethod -->
        <test-method signature="Demo1()[pri:1, instance:testngTutorial.testngTutorial.Day2@5707c1cb]" started-at="2024-12-14T16:01:15 IST" name="Demo1" finished-at="2024-12-14T16:01:18 IST" duration-ms="3272" status="PASS">
          <reporter-output>
          </reporter-output>
        </test-method> <!-- Demo1 -->
        <test-method is-config="true" signature="beforemethod()[pri:0, instance:testngTutorial.testngTutorial.Day2@5707c1cb]" started-at="2024-12-14T16:01:18 IST" name="beforemethod" finished-at="2024-12-14T16:01:18 IST" duration-ms="3" status="PASS">
          <reporter-output>
          </reporter-output>
        </test-method> <!-- beforemethod -->
        <test-method signature="Demo2()[pri:2, instance:testngTutorial.testngTutorial.Day2@5707c1cb]" started-at="2024-12-14T16:01:18 IST" name="Demo2" finished-at="2024-12-14T16:01:18 IST" duration-ms="8" status="FAIL">
          <exception class="java.lang.AssertionError">
            <message>
              <![CDATA[expected [ed] but found [dd]]]>
            </message>
            <full-stacktrace>
              <![CDATA[java.lang.AssertionError: expected [ed] but found [dd]
at org.testng.Assert.fail(Assert.java:111)
at org.testng.Assert.failNotEquals(Assert.java:1578)
at org.testng.Assert.assertEqualsImpl(Assert.java:150)
at org.testng.Assert.assertEquals(Assert.java:132)
at org.testng.Assert.assertEquals(Assert.java:656)
at org.testng.Assert.assertEquals(Assert.java:666)
at testngTutorial.testngTutorial.Day2.Demo2(Day2.java:19)
at java.base/jdk.internal.reflect.NativeMethodAccessorImpl.invoke0(Native Method)
at java.base/jdk.internal.reflect.NativeMethodAccessorImpl.invoke(NativeMethodAccessorImpl.java:77)
at java.base/jdk.internal.reflect.DelegatingMethodAccessorImpl.invoke(DelegatingMethodAccessorImpl.java:43)
at java.base/java.lang.reflect.Method.invoke(Method.java:568)
at org.testng.internal.invokers.MethodInvocationHelper.invokeMethod(MethodInvocationHelper.java:141)
at org.testng.internal.invokers.TestInvoker.invokeMethod(TestInvoker.java:686)
at org.testng.internal.invokers.TestInvoker.invokeTestMethod(TestInvoker.java:230)
at org.testng.internal.invokers.MethodRunner.runInSequence(MethodRunner.java:63)
at org.testng.internal.invokers.TestInvoker$MethodInvocationAgent.invoke(TestInvoker.java:992)
at org.testng.internal.invokers.TestInvoker.invokeTestMethods(TestInvoker.java:203)
at org.testng.internal.invokers.TestMethodWorker.invokeTestMethods(TestMethodWorker.java:154)
at org.testng.internal.invokers.TestMethodWorker.run(TestMethodWorker.java:134)
at java.base/java.util.ArrayList.forEach(ArrayList.java:1511)
at org.testng.TestRunner.privateRun(TestRunner.java:739)
at org.testng.TestRunner.run(TestRunner.java:614)
at org.testng.SuiteRunner.runTest(SuiteRunner.java:421)
at org.testng.SuiteRunner$SuiteWorker.run(SuiteRunner.java:463)
at org.testng.internal.thread.ThreadUtil.lambda$execute$0(ThreadUtil.java:64)
at java.base/java.util.concurrent.FutureTask.run(FutureTask.java:264)
at java.base/java.util.concurrent.ThreadPoolExecutor.runWorker(ThreadPoolExecutor.java:1136)
at java.base/java.util.concurrent.ThreadPoolExecutor$Worker.run(ThreadPoolExecutor.java:635)
at java.base/java.lang.Thread.run(Thread.java:833)
]]>
            </full-stacktrace>
          </exception> <!-- java.lang.AssertionError -->
          <reporter-output>
          </reporter-output>
        </test-method> <!-- Demo2 -->
        <test-method signature="Demo3()[pri:3, instance:testngTutorial.testngTutorial.Day2@5707c1cb]" started-at="2024-12-14T16:01:18 IST" name="Demo3" finished-at="2024-12-14T16:01:22 IST" duration-ms="3529" status="PASS">
          <reporter-output>
          </reporter-output>
        </test-method> <!-- Demo3 -->
        <test-method is-config="true" signature="beforemethod()[pri:0, instance:testngTutorial.testngTutorial.Day2@5707c1cb]" started-at="2024-12-14T16:01:18 IST" name="beforemethod" finished-at="2024-12-14T16:01:18 IST" duration-ms="0" status="PASS">
          <reporter-output>
          </reporter-output>
        </test-method> <!-- beforemethod -->
      </class> <!-- testngTutorial.testngTutorial.Day2 -->
      <class name="testngTutorial.testngTutorial.Day1">
        <test-method is-config="true" signature="afterSuite()[pri:0, instance:testngTutorial.testngTutorial.Day1@5cc5b667]" started-at="2024-12-14T16:01:15 IST" name="afterSuite" finished-at="2024-12-14T16:01:15 IST" duration-ms="18" status="PASS">
          <reporter-output>
          </reporter-output>
        </test-method> <!-- afterSuite -->
        <test-method is-config="true" signature="beforeclass()[pri:0, instance:testngTutorial.testngTutorial.Day1@5cc5b667]" started-at="2024-12-14T16:01:18 IST" name="beforeclass" finished-at="2024-12-14T16:01:18 IST" duration-ms="3" status="PASS">
          <reporter-output>
          </reporter-output>
        </test-method> <!-- beforeclass -->
        <test-method signature="sumsung()[pri:1, instance:testngTutorial.testngTutorial.Day1@5cc5b667]" started-at="2024-12-14T16:01:18 IST" name="sumsung" finished-at="2024-12-14T16:01:18 IST" duration-ms="2" status="PASS">
          <reporter-output>
          </reporter-output>
        </test-method> <!-- sumsung -->
        <test-method signature="splender(java.lang.String,java.lang.String)[pri:2, instance:testngTutorial.testngTutorial.Day1@5cc5b667]" started-at="2024-12-14T16:01:18 IST" name="splender" data-provider="getData" finished-at="2024-12-14T16:01:18 IST" duration-ms="1" status="PASS">
          <params>
            <param index="0">
              <value>
                <![CDATA[vikash]]>
              </value>
            </param>
            <param index="1">
              <value>
                <![CDATA[vikas@12]]>
              </value>
            </param>
          </params>
          <reporter-output>
          </reporter-output>
        </test-method> <!-- splender -->
        <test-method signature="splender(java.lang.String,java.lang.String)[pri:2, instance:testngTutorial.testngTutorial.Day1@5cc5b667]" started-at="2024-12-14T16:01:18 IST" name="splender" data-provider="getData" finished-at="2024-12-14T16:01:18 IST" duration-ms="0" status="PASS">
          <params>
            <param index="0">
              <value>
                <![CDATA[shailesh]]>
              </value>
            </param>
            <param index="1">
              <value>
                <![CDATA[shailesh@12]]>
              </value>
            </param>
          </params>
          <reporter-output>
          </reporter-output>
        </test-method> <!-- splender -->
        <test-method signature="iphone()[pri:3, instance:testngTutorial.testngTutorial.Day1@5cc5b667]" started-at="2024-12-14T16:01:22 IST" name="iphone" finished-at="2024-12-14T16:01:22 IST" duration-ms="1" status="PASS">
          <reporter-output>
          </reporter-output>
        </test-method> <!-- iphone -->
      </class> <!-- testngTutorial.testngTutorial.Day1 -->
    </test> <!-- Test1 -->
    <test started-at="2024-12-14T16:01:15 IST" name="Test" finished-at="2024-12-14T16:01:24 IST" duration-ms="8685">
      <class name="demo.Day3">
        <test-method is-config="true" signature="beforetest()[pri:0, instance:demo.Day3@54107f42]" started-at="2024-12-14T16:01:15 IST" name="beforetest" finished-at="2024-12-14T16:01:15 IST" duration-ms="0" status="PASS">
          <reporter-output>
          </reporter-output>
        </test-method> <!-- beforetest -->
        <test-method signature="demo3()[pri:1, instance:demo.Day3@54107f42]" started-at="2024-12-14T16:01:17 IST" name="demo3" finished-at="2024-12-14T16:01:17 IST" duration-ms="9" status="PASS">
          <reporter-output>
          </reporter-output>
        </test-method> <!-- demo3 -->
        <test-method signature="demo4()[pri:2, instance:demo.Day3@54107f42]" started-at="2024-12-14T16:01:17 IST" name="demo4" finished-at="2024-12-14T16:01:17 IST" duration-ms="0" status="PASS">
          <reporter-output>
          </reporter-output>
        </test-method> <!-- demo4 -->
        <test-method is-config="true" signature="aftertest()[pri:0, instance:demo.Day3@54107f42]" started-at="2024-12-14T16:01:24 IST" name="aftertest" finished-at="2024-12-14T16:01:24 IST" duration-ms="1" status="PASS">
          <reporter-output>
          </reporter-output>
        </test-method> <!-- aftertest -->
      </class> <!-- demo.Day3 -->
      <class name="testngTutorial.testngTutorial.Day2">
        <test-method is-config="true" signature="beforemethod()[pri:0, instance:testngTutorial.testngTutorial.Day2@48c40605]" started-at="2024-12-14T16:01:15 IST" name="beforemethod" finished-at="2024-12-14T16:01:15 IST" duration-ms="1" status="PASS">
          <reporter-output>
          </reporter-output>
        </test-method> <!-- beforemethod -->
        <test-method signature="Demo1()[pri:1, instance:testngTutorial.testngTutorial.Day2@48c40605]" started-at="2024-12-14T16:01:15 IST" name="Demo1" finished-at="2024-12-14T16:01:17 IST" duration-ms="1987" status="PASS">
          <reporter-output>
          </reporter-output>
        </test-method> <!-- Demo1 -->
        <test-method is-config="true" signature="beforemethod()[pri:0, instance:testngTutorial.testngTutorial.Day2@48c40605]" started-at="2024-12-14T16:01:17 IST" name="beforemethod" finished-at="2024-12-14T16:01:17 IST" duration-ms="0" status="PASS">
          <reporter-output>
          </reporter-output>
        </test-method> <!-- beforemethod -->
        <test-method signature="Demo2()[pri:2, instance:testngTutorial.testngTutorial.Day2@48c40605]" started-at="2024-12-14T16:01:17 IST" name="Demo2" finished-at="2024-12-14T16:01:17 IST" duration-ms="51" status="FAIL">
          <exception class="java.lang.AssertionError">
            <message>
              <![CDATA[expected [ed] but found [dd]]]>
            </message>
            <full-stacktrace>
              <![CDATA[java.lang.AssertionError: expected [ed] but found [dd]
at org.testng.Assert.fail(Assert.java:111)
at org.testng.Assert.failNotEquals(Assert.java:1578)
at org.testng.Assert.assertEqualsImpl(Assert.java:150)
at org.testng.Assert.assertEquals(Assert.java:132)
at org.testng.Assert.assertEquals(Assert.java:656)
at org.testng.Assert.assertEquals(Assert.java:666)
at testngTutorial.testngTutorial.Day2.Demo2(Day2.java:19)
at java.base/jdk.internal.reflect.NativeMethodAccessorImpl.invoke0(Native Method)
at java.base/jdk.internal.reflect.NativeMethodAccessorImpl.invoke(NativeMethodAccessorImpl.java:77)
at java.base/jdk.internal.reflect.DelegatingMethodAccessorImpl.invoke(DelegatingMethodAccessorImpl.java:43)
at java.base/java.lang.reflect.Method.invoke(Method.java:568)
at org.testng.internal.invokers.MethodInvocationHelper.invokeMethod(MethodInvocationHelper.java:141)
at org.testng.internal.invokers.TestInvoker.invokeMethod(TestInvoker.java:686)
at org.testng.internal.invokers.TestInvoker.invokeTestMethod(TestInvoker.java:230)
at org.testng.internal.invokers.MethodRunner.runInSequence(MethodRunner.java:63)
at org.testng.internal.invokers.TestInvoker$MethodInvocationAgent.invoke(TestInvoker.java:992)
at org.testng.internal.invokers.TestInvoker.invokeTestMethods(TestInvoker.java:203)
at org.testng.internal.invokers.TestMethodWorker.invokeTestMethods(TestMethodWorker.java:154)
at org.testng.internal.invokers.TestMethodWorker.run(TestMethodWorker.java:134)
at java.base/java.util.ArrayList.forEach(ArrayList.java:1511)
at org.testng.TestRunner.privateRun(TestRunner.java:739)
at org.testng.TestRunner.run(TestRunner.java:614)
at org.testng.SuiteRunner.runTest(SuiteRunner.java:421)
at org.testng.SuiteRunner$SuiteWorker.run(SuiteRunner.java:463)
at org.testng.internal.thread.ThreadUtil.lambda$execute$0(ThreadUtil.java:64)
at java.base/java.util.concurrent.FutureTask.run(FutureTask.java:264)
at java.base/java.util.concurrent.ThreadPoolExecutor.runWorker(ThreadPoolExecutor.java:1136)
at java.base/java.util.concurrent.ThreadPoolExecutor$Worker.run(ThreadPoolExecutor.java:635)
at java.base/java.lang.Thread.run(Thread.java:833)
]]>
            </full-stacktrace>
          </exception> <!-- java.lang.AssertionError -->
          <reporter-output>
          </reporter-output>
        </test-method> <!-- Demo2 -->
        <test-method signature="Demo3()[pri:3, instance:testngTutorial.testngTutorial.Day2@48c40605]" started-at="2024-12-14T16:01:17 IST" name="Demo3" finished-at="2024-12-14T16:01:24 IST" duration-ms="6316" status="PASS">
          <reporter-output>
          </reporter-output>
        </test-method> <!-- Demo3 -->
        <test-method is-config="true" signature="beforemethod()[pri:0, instance:testngTutorial.testngTutorial.Day2@48c40605]" started-at="2024-12-14T16:01:17 IST" name="beforemethod" finished-at="2024-12-14T16:01:17 IST" duration-ms="0" status="PASS">
          <reporter-output>
          </reporter-output>
        </test-method> <!-- beforemethod -->
      </class> <!-- testngTutorial.testngTutorial.Day2 -->
      <class name="testngTutorial.testngTutorial.Day1">
        <test-method is-config="true" signature="beforeclass()[pri:0, instance:testngTutorial.testngTutorial.Day1@6e521c1e]" started-at="2024-12-14T16:01:17 IST" name="beforeclass" finished-at="2024-12-14T16:01:17 IST" duration-ms="0" status="PASS">
          <reporter-output>
          </reporter-output>
        </test-method> <!-- beforeclass -->
        <test-method signature="sumsung()[pri:1, instance:testngTutorial.testngTutorial.Day1@6e521c1e]" started-at="2024-12-14T16:01:17 IST" name="sumsung" finished-at="2024-12-14T16:01:17 IST" duration-ms="7" status="PASS">
          <reporter-output>
          </reporter-output>
        </test-method> <!-- sumsung -->
        <test-method signature="splender(java.lang.String,java.lang.String)[pri:2, instance:testngTutorial.testngTutorial.Day1@6e521c1e]" started-at="2024-12-14T16:01:17 IST" name="splender" data-provider="getData" finished-at="2024-12-14T16:01:17 IST" duration-ms="1" status="PASS">
          <params>
            <param index="0">
              <value>
                <![CDATA[vikash]]>
              </value>
            </param>
            <param index="1">
              <value>
                <![CDATA[vikas@12]]>
              </value>
            </param>
          </params>
          <reporter-output>
          </reporter-output>
        </test-method> <!-- splender -->
        <test-method signature="splender(java.lang.String,java.lang.String)[pri:2, instance:testngTutorial.testngTutorial.Day1@6e521c1e]" started-at="2024-12-14T16:01:17 IST" name="splender" data-provider="getData" finished-at="2024-12-14T16:01:17 IST" duration-ms="2" status="PASS">
          <params>
            <param index="0">
              <value>
                <![CDATA[shailesh]]>
              </value>
            </param>
            <param index="1">
              <value>
                <![CDATA[shailesh@12]]>
              </value>
            </param>
          </params>
          <reporter-output>
          </reporter-output>
        </test-method> <!-- splender -->
        <test-method signature="iphone()[pri:3, instance:testngTutorial.testngTutorial.Day1@6e521c1e]" started-at="2024-12-14T16:01:24 IST" name="iphone" finished-at="2024-12-14T16:01:24 IST" duration-ms="0" status="PASS">
          <reporter-output>
          </reporter-output>
        </test-method> <!-- iphone -->
      </class> <!-- testngTutorial.testngTutorial.Day1 -->
    </test> <!-- Test -->
  </suite> <!-- Suite -->
</testng-results>
